2016-05-17 15:28:14,346 [Worker-1] INFO  o.e.m.c.i.l.LifecycleMappingFactory - Using NULL lifecycle mapping for MavenProject: com.aem.eaga:eagaproject:1.0-SNAPSHOT @ D:\Aga\eagaproject\pom.xml.
2016-05-17 15:28:14,393 [Worker-1] INFO  o.e.m.c.i.l.LifecycleMappingFactory - Using DEFAULT lifecycle mapping for MavenProject: com.aem.eaga:eagaproject-bundle:1.0-SNAPSHOT @ D:\Aga\eagaproject\bundle\pom.xml.
2016-05-17 15:28:14,527 [Worker-1] WARN  o.e.m.c.i.embedder.EclipseLogger - Failure to transfer org.apache.maven.plugins:maven-site-plugin/maven-metadata.xml from https://vodafone-nexus.no-ip.net/content/groups/vodafone-group was cached in the local repository, resolution will not be reattempted until the update interval of internal.mirror has elapsed or updates are forced. Original error: Could not transfer metadata org.apache.maven.plugins:maven-site-plugin/maven-metadata.xml from/to internal.mirror (https://vodafone-nexus.no-ip.net/content/groups/vodafone-group): sun.security.validator.ValidatorException: PKIX path building failed: sun.security.provider.certpath.SunCertPathBuilderException: unable to find valid certification path to requested target
2016-05-17 15:28:14,551 [Worker-1] WARN  o.e.m.c.i.embedder.EclipseLogger - Failure to transfer org.apache.maven.plugins:maven-site-plugin/maven-metadata.xml from https://vodafone-nexus.no-ip.net/content/groups/vodafone-group was cached in the local repository, resolution will not be reattempted until the update interval of internal.mirror has elapsed or updates are forced. Original error: Could not transfer metadata org.apache.maven.plugins:maven-site-plugin/maven-metadata.xml from/to internal.mirror (https://vodafone-nexus.no-ip.net/content/groups/vodafone-group): sun.security.validator.ValidatorException: PKIX path building failed: sun.security.provider.certpath.SunCertPathBuilderException: unable to find valid certification path to requested target
2016-05-17 15:28:14,562 [Worker-1] WARN  o.e.m.c.i.embedder.EclipseLogger - Failure to transfer org.apache.maven.plugins:maven-site-plugin/maven-metadata.xml from https://vodafone-nexus.no-ip.net/content/groups/vodafone-group was cached in the local repository, resolution will not be reattempted until the update interval of internal.mirror has elapsed or updates are forced. Original error: Could not transfer metadata org.apache.maven.plugins:maven-site-plugin/maven-metadata.xml from/to internal.mirror (https://vodafone-nexus.no-ip.net/content/groups/vodafone-group): sun.security.validator.ValidatorException: PKIX path building failed: sun.security.provider.certpath.SunCertPathBuilderException: unable to find valid certification path to requested target
2016-05-17 15:28:14,575 [Worker-1] INFO  o.e.m.c.i.l.LifecycleMappingFactory - Using DEFAULT lifecycle mapping for MavenProject: com.aem.eaga:eagaproject-content:1.0-SNAPSHOT @ D:\Aga\eagaproject\content\pom.xml.
2016-05-17 15:28:14,952 [Worker-1] INFO  o.e.m.c.i.p.ProjectConfigurationManager - Imported and configured 3 project(s) in 1 sec
2016-05-17 15:28:15,571 [Worker-0] WARN  o.e.m.c.i.embedder.EclipseLogger - Failure to transfer org.apache.maven.plugins:maven-site-plugin/maven-metadata.xml from https://vodafone-nexus.no-ip.net/content/groups/vodafone-group was cached in the local repository, resolution will not be reattempted until the update interval of internal.mirror has elapsed or updates are forced. Original error: Could not transfer metadata org.apache.maven.plugins:maven-site-plugin/maven-metadata.xml from/to internal.mirror (https://vodafone-nexus.no-ip.net/content/groups/vodafone-group): sun.security.validator.ValidatorException: PKIX path building failed: sun.security.provider.certpath.SunCertPathBuilderException: unable to find valid certification path to requested target
2016-05-17 15:28:15,582 [Worker-0] WARN  o.e.m.c.i.embedder.EclipseLogger - Failure to transfer org.apache.maven.plugins:maven-site-plugin/maven-metadata.xml from https://vodafone-nexus.no-ip.net/content/groups/vodafone-group was cached in the local repository, resolution will not be reattempted until the update interval of internal.mirror has elapsed or updates are forced. Original error: Could not transfer metadata org.apache.maven.plugins:maven-site-plugin/maven-metadata.xml from/to internal.mirror (https://vodafone-nexus.no-ip.net/content/groups/vodafone-group): sun.security.validator.ValidatorException: PKIX path building failed: sun.security.provider.certpath.SunCertPathBuilderException: unable to find valid certification path to requested target
2016-05-17 15:28:15,593 [Worker-0] WARN  o.e.m.c.i.embedder.EclipseLogger - Failure to transfer org.apache.maven.plugins:maven-site-plugin/maven-metadata.xml from https://vodafone-nexus.no-ip.net/content/groups/vodafone-group was cached in the local repository, resolution will not be reattempted until the update interval of internal.mirror has elapsed or updates are forced. Original error: Could not transfer metadata org.apache.maven.plugins:maven-site-plugin/maven-metadata.xml from/to internal.mirror (https://vodafone-nexus.no-ip.net/content/groups/vodafone-group): sun.security.validator.ValidatorException: PKIX path building failed: sun.security.provider.certpath.SunCertPathBuilderException: unable to find valid certification path to requested target
2016-05-17 15:33:41,555 [Worker-2] INFO  o.e.m.c.i.p.ProjectConfigurationManager - Update started
2016-05-17 15:33:42,114 [Worker-2] INFO  o.e.m.c.i.l.LifecycleMappingFactory - Using NULL lifecycle mapping for MavenProject: com.aem.eaga:eagaproject:1.0-SNAPSHOT @ D:\Aga\eagaproject\pom.xml.
2016-05-17 15:33:42,135 [Worker-2] INFO  o.e.m.c.i.l.LifecycleMappingFactory - Using DEFAULT lifecycle mapping for MavenProject: com.aem.eaga:eagaproject-bundle:1.0-SNAPSHOT @ D:\Aga\eagaproject\bundle\pom.xml.
2016-05-17 15:33:42,183 [Worker-2] WARN  o.e.m.c.i.embedder.EclipseLogger - Failure to transfer org.apache.maven.plugins:maven-site-plugin/maven-metadata.xml from https://vodafone-nexus.no-ip.net/content/groups/vodafone-group was cached in the local repository, resolution will not be reattempted until the update interval of internal.mirror has elapsed or updates are forced. Original error: Could not transfer metadata org.apache.maven.plugins:maven-site-plugin/maven-metadata.xml from/to internal.mirror (https://vodafone-nexus.no-ip.net/content/groups/vodafone-group): sun.security.validator.ValidatorException: PKIX path building failed: sun.security.provider.certpath.SunCertPathBuilderException: unable to find valid certification path to requested target
2016-05-17 15:33:42,212 [Worker-2] WARN  o.e.m.c.i.embedder.EclipseLogger - Failure to transfer org.apache.maven.plugins:maven-site-plugin/maven-metadata.xml from https://vodafone-nexus.no-ip.net/content/groups/vodafone-group was cached in the local repository, resolution will not be reattempted until the update interval of internal.mirror has elapsed or updates are forced. Original error: Could not transfer metadata org.apache.maven.plugins:maven-site-plugin/maven-metadata.xml from/to internal.mirror (https://vodafone-nexus.no-ip.net/content/groups/vodafone-group): sun.security.validator.ValidatorException: PKIX path building failed: sun.security.provider.certpath.SunCertPathBuilderException: unable to find valid certification path to requested target
2016-05-17 15:33:42,228 [Worker-2] WARN  o.e.m.c.i.embedder.EclipseLogger - Failure to transfer org.apache.maven.plugins:maven-site-plugin/maven-metadata.xml from https://vodafone-nexus.no-ip.net/content/groups/vodafone-group was cached in the local repository, resolution will not be reattempted until the update interval of internal.mirror has elapsed or updates are forced. Original error: Could not transfer metadata org.apache.maven.plugins:maven-site-plugin/maven-metadata.xml from/to internal.mirror (https://vodafone-nexus.no-ip.net/content/groups/vodafone-group): sun.security.validator.ValidatorException: PKIX path building failed: sun.security.provider.certpath.SunCertPathBuilderException: unable to find valid certification path to requested target
2016-05-17 15:33:42,240 [Worker-2] INFO  o.e.m.c.i.l.LifecycleMappingFactory - Using DEFAULT lifecycle mapping for MavenProject: com.aem.eaga:eagaproject-content:1.0-SNAPSHOT @ D:\Aga\eagaproject\content\pom.xml.
2016-05-17 15:33:42,282 [Worker-2] ERROR o.e.m.c.i.i.nexus.NexusIndexManager - Unable to add com/aem/eaga/eagaproject-bundle/1.0-SNAPSHOT/eagaproject-bundle-1.0-SNAPSHOT.pom
java.io.FileNotFoundException: D:\Aga\.metadata\.plugins\org.eclipse.m2e.core\nexus\830bc118332e77292949ed1e6d2fabe0\_0_1.del (Impossibile trovare il file specificato)
	at java.io.RandomAccessFile.open0(Native Method) ~[na:1.8.0_73]
	at java.io.RandomAccessFile.open(Unknown Source) ~[na:1.8.0_73]
	at java.io.RandomAccessFile.<init>(Unknown Source) ~[na:1.8.0_73]
	at org.apache.lucene.store.FSDirectory$FSIndexInput$Descriptor.<init>(FSDirectory.java:552) ~[lucene-core-2.4.1.jar:2.4.1 750176 - 2009-03-04 21:56:52]
	at org.apache.lucene.store.FSDirectory$FSIndexInput.<init>(FSDirectory.java:582) ~[lucene-core-2.4.1.jar:2.4.1 750176 - 2009-03-04 21:56:52]
	at org.apache.lucene.store.FSDirectory.openInput(FSDirectory.java:488) ~[lucene-core-2.4.1.jar:2.4.1 750176 - 2009-03-04 21:56:52]
	at org.apache.lucene.store.FSDirectory.openInput(FSDirectory.java:482) ~[lucene-core-2.4.1.jar:2.4.1 750176 - 2009-03-04 21:56:52]
	at org.apache.lucene.util.BitVector.<init>(BitVector.java:199) ~[lucene-core-2.4.1.jar:2.4.1 750176 - 2009-03-04 21:56:52]
	at org.apache.lucene.index.SegmentReader.loadDeletedDocs(SegmentReader.java:402) ~[lucene-core-2.4.1.jar:2.4.1 750176 - 2009-03-04 21:56:52]
	at org.apache.lucene.index.SegmentReader.initialize(SegmentReader.java:368) ~[lucene-core-2.4.1.jar:2.4.1 750176 - 2009-03-04 21:56:52]
	at org.apache.lucene.index.SegmentReader.get(SegmentReader.java:306) ~[lucene-core-2.4.1.jar:2.4.1 750176 - 2009-03-04 21:56:52]
	at org.apache.lucene.index.SegmentReader.get(SegmentReader.java:236) ~[lucene-core-2.4.1.jar:2.4.1 750176 - 2009-03-04 21:56:52]
	at org.apache.lucene.index.DocumentsWriter.applyDeletes(DocumentsWriter.java:915) ~[lucene-core-2.4.1.jar:2.4.1 750176 - 2009-03-04 21:56:52]
	at org.apache.lucene.index.IndexWriter.applyDeletes(IndexWriter.java:4339) ~[lucene-core-2.4.1.jar:2.4.1 750176 - 2009-03-04 21:56:52]
	at org.apache.lucene.index.IndexWriter.doFlush(IndexWriter.java:3579) ~[lucene-core-2.4.1.jar:2.4.1 750176 - 2009-03-04 21:56:52]
	at org.apache.lucene.index.IndexWriter.flush(IndexWriter.java:3450) ~[lucene-core-2.4.1.jar:2.4.1 750176 - 2009-03-04 21:56:52]
	at org.apache.lucene.index.IndexWriter.prepareCommit(IndexWriter.java:3363) ~[lucene-core-2.4.1.jar:2.4.1 750176 - 2009-03-04 21:56:52]
	at org.apache.lucene.index.IndexWriter.commit(IndexWriter.java:3408) ~[lucene-core-2.4.1.jar:2.4.1 750176 - 2009-03-04 21:56:52]
	at org.apache.maven.index.context.IndexUtils.setGroups(IndexUtils.java:277) ~[indexer-core-3.1.0.jar:3.1.0]
	at org.apache.maven.index.context.IndexUtils.setRootGroups(IndexUtils.java:227) ~[indexer-core-3.1.0.jar:3.1.0]
	at org.apache.maven.index.context.DefaultIndexingContext.setRootGroups(DefaultIndexingContext.java:791) ~[indexer-core-3.1.0.jar:3.1.0]
	at org.apache.maven.index.DefaultIndexerEngine.updateGroups(DefaultIndexerEngine.java:154) ~[org.eclipse.m2e.maven.indexer_1.6.2.20150902-0001/:na]
	at org.apache.maven.index.DefaultIndexerEngine.update(DefaultIndexerEngine.java:82) ~[org.eclipse.m2e.maven.indexer_1.6.2.20150902-0001/:na]
	at org.apache.maven.index.DefaultNexusIndexer.addArtifactToIndex(DefaultNexusIndexer.java:338) ~[org.eclipse.m2e.maven.indexer_1.6.2.20150902-0001/:na]
	at org.eclipse.m2e.core.internal.index.nexus.NexusIndexManager.addDocument(NexusIndexManager.java:580) [org.eclipse.m2e.core_1.6.2.20150902-0002.jar:na]
	at org.eclipse.m2e.core.internal.index.nexus.NexusIndexManager.mavenProjectChanged(NexusIndexManager.java:758) [org.eclipse.m2e.core_1.6.2.20150902-0002.jar:na]
	at org.eclipse.m2e.core.internal.project.registry.ProjectRegistryManager.notifyProjectChangeListeners(ProjectRegistryManager.java:783) [org.eclipse.m2e.core_1.6.2.20150902-0002.jar:na]
	at org.eclipse.m2e.core.internal.project.registry.ProjectRegistryManager.applyMutableProjectRegistry(ProjectRegistryManager.java:919) [org.eclipse.m2e.core_1.6.2.20150902-0002.jar:na]
	at org.eclipse.m2e.core.internal.project.registry.ProjectRegistryManager.refresh(ProjectRegistryManager.java:299) [org.eclipse.m2e.core_1.6.2.20150902-0002.jar:na]
	at org.eclipse.m2e.core.internal.project.ProjectConfigurationManager.updateProjectConfiguration0(ProjectConfigurationManager.java:398) [org.eclipse.m2e.core_1.6.2.20150902-0002.jar:na]
	at org.eclipse.m2e.core.internal.project.ProjectConfigurationManager$2.call(ProjectConfigurationManager.java:345) [org.eclipse.m2e.core_1.6.2.20150902-0002.jar:na]
	at org.eclipse.m2e.core.internal.project.ProjectConfigurationManager$2.call(ProjectConfigurationManager.java:1) [org.eclipse.m2e.core_1.6.2.20150902-0002.jar:na]
	at org.eclipse.m2e.core.internal.embedder.MavenExecutionContext.executeBare(MavenExecutionContext.java:176) [org.eclipse.m2e.core_1.6.2.20150902-0002.jar:na]
	at org.eclipse.m2e.core.internal.embedder.MavenExecutionContext.execute(MavenExecutionContext.java:151) [org.eclipse.m2e.core_1.6.2.20150902-0002.jar:na]
	at org.eclipse.m2e.core.internal.embedder.MavenExecutionContext.execute(MavenExecutionContext.java:99) [org.eclipse.m2e.core_1.6.2.20150902-0002.jar:na]
	at org.eclipse.m2e.core.internal.embedder.MavenImpl.execute(MavenImpl.java:1351) [org.eclipse.m2e.core_1.6.2.20150902-0002.jar:na]
	at org.eclipse.m2e.core.internal.project.ProjectConfigurationManager.updateProjectConfiguration(ProjectConfigurationManager.java:342) [org.eclipse.m2e.core_1.6.2.20150902-0002.jar:na]
	at org.eclipse.m2e.core.ui.internal.UpdateMavenProjectJob.runInWorkspace(UpdateMavenProjectJob.java:77) [org.eclipse.m2e.core.ui_1.6.2.20150902-0002.jar:na]
	at org.eclipse.core.internal.resources.InternalWorkspaceJob.run(InternalWorkspaceJob.java:39) [org.eclipse.core.resources_3.10.1.v20150725-1910.jar:na]
	at org.eclipse.core.internal.jobs.Worker.run(Worker.java:55) [org.eclipse.core.jobs_3.7.0.v20150330-2103.jar:na]
2016-05-17 15:33:42,347 [Worker-2] ERROR o.e.m.c.i.i.nexus.NexusIndexManager - Unable to add com/aem/eaga/eagaproject/1.0-SNAPSHOT/eagaproject-1.0-SNAPSHOT.pom
java.io.FileNotFoundException: D:\Aga\.metadata\.plugins\org.eclipse.m2e.core\nexus\830bc118332e77292949ed1e6d2fabe0\_0_1.del (Impossibile trovare il file specificato)
	at java.io.RandomAccessFile.open0(Native Method) ~[na:1.8.0_73]
	at java.io.RandomAccessFile.open(Unknown Source) ~[na:1.8.0_73]
	at java.io.RandomAccessFile.<init>(Unknown Source) ~[na:1.8.0_73]
	at org.apache.lucene.store.FSDirectory$FSIndexInput$Descriptor.<init>(FSDirectory.java:552) ~[lucene-core-2.4.1.jar:2.4.1 750176 - 2009-03-04 21:56:52]
	at org.apache.lucene.store.FSDirectory$FSIndexInput.<init>(FSDirectory.java:582) ~[lucene-core-2.4.1.jar:2.4.1 750176 - 2009-03-04 21:56:52]
	at org.apache.lucene.store.FSDirectory.openInput(FSDirectory.java:488) ~[lucene-core-2.4.1.jar:2.4.1 750176 - 2009-03-04 21:56:52]
	at org.apache.lucene.store.FSDirectory.openInput(FSDirectory.java:482) ~[lucene-core-2.4.1.jar:2.4.1 750176 - 2009-03-04 21:56:52]
	at org.apache.lucene.util.BitVector.<init>(BitVector.java:199) ~[lucene-core-2.4.1.jar:2.4.1 750176 - 2009-03-04 21:56:52]
	at org.apache.lucene.index.SegmentReader.loadDeletedDocs(SegmentReader.java:402) ~[lucene-core-2.4.1.jar:2.4.1 750176 - 2009-03-04 21:56:52]
	at org.apache.lucene.index.SegmentReader.initialize(SegmentReader.java:368) ~[lucene-core-2.4.1.jar:2.4.1 750176 - 2009-03-04 21:56:52]
	at org.apache.lucene.index.SegmentReader.get(SegmentReader.java:306) ~[lucene-core-2.4.1.jar:2.4.1 750176 - 2009-03-04 21:56:52]
	at org.apache.lucene.index.SegmentReader.get(SegmentReader.java:236) ~[lucene-core-2.4.1.jar:2.4.1 750176 - 2009-03-04 21:56:52]
	at org.apache.lucene.index.DocumentsWriter.applyDeletes(DocumentsWriter.java:915) ~[lucene-core-2.4.1.jar:2.4.1 750176 - 2009-03-04 21:56:52]
	at org.apache.lucene.index.IndexWriter.applyDeletes(IndexWriter.java:4339) ~[lucene-core-2.4.1.jar:2.4.1 750176 - 2009-03-04 21:56:52]
	at org.apache.lucene.index.IndexWriter.doFlush(IndexWriter.java:3579) ~[lucene-core-2.4.1.jar:2.4.1 750176 - 2009-03-04 21:56:52]
	at org.apache.lucene.index.IndexWriter.flush(IndexWriter.java:3450) ~[lucene-core-2.4.1.jar:2.4.1 750176 - 2009-03-04 21:56:52]
	at org.apache.lucene.index.IndexWriter.prepareCommit(IndexWriter.java:3363) ~[lucene-core-2.4.1.jar:2.4.1 750176 - 2009-03-04 21:56:52]
	at org.apache.lucene.index.IndexWriter.commit(IndexWriter.java:3408) ~[lucene-core-2.4.1.jar:2.4.1 750176 - 2009-03-04 21:56:52]
	at org.apache.maven.index.context.IndexUtils.setGroups(IndexUtils.java:277) ~[indexer-core-3.1.0.jar:3.1.0]
	at org.apache.maven.index.context.IndexUtils.setRootGroups(IndexUtils.java:227) ~[indexer-core-3.1.0.jar:3.1.0]
	at org.apache.maven.index.context.DefaultIndexingContext.setRootGroups(DefaultIndexingContext.java:791) ~[indexer-core-3.1.0.jar:3.1.0]
	at org.apache.maven.index.DefaultIndexerEngine.updateGroups(DefaultIndexerEngine.java:154) ~[org.eclipse.m2e.maven.indexer_1.6.2.20150902-0001/:na]
	at org.apache.maven.index.DefaultIndexerEngine.update(DefaultIndexerEngine.java:82) ~[org.eclipse.m2e.maven.indexer_1.6.2.20150902-0001/:na]
	at org.apache.maven.index.DefaultNexusIndexer.addArtifactToIndex(DefaultNexusIndexer.java:338) ~[org.eclipse.m2e.maven.indexer_1.6.2.20150902-0001/:na]
	at org.eclipse.m2e.core.internal.index.nexus.NexusIndexManager.addDocument(NexusIndexManager.java:580) [org.eclipse.m2e.core_1.6.2.20150902-0002.jar:na]
	at org.eclipse.m2e.core.internal.index.nexus.NexusIndexManager.mavenProjectChanged(NexusIndexManager.java:758) [org.eclipse.m2e.core_1.6.2.20150902-0002.jar:na]
	at org.eclipse.m2e.core.internal.project.registry.ProjectRegistryManager.notifyProjectChangeListeners(ProjectRegistryManager.java:783) [org.eclipse.m2e.core_1.6.2.20150902-0002.jar:na]
	at org.eclipse.m2e.core.internal.project.registry.ProjectRegistryManager.applyMutableProjectRegistry(ProjectRegistryManager.java:919) [org.eclipse.m2e.core_1.6.2.20150902-0002.jar:na]
	at org.eclipse.m2e.core.internal.project.registry.ProjectRegistryManager.refresh(ProjectRegistryManager.java:299) [org.eclipse.m2e.core_1.6.2.20150902-0002.jar:na]
	at org.eclipse.m2e.core.internal.project.ProjectConfigurationManager.updateProjectConfiguration0(ProjectConfigurationManager.java:398) [org.eclipse.m2e.core_1.6.2.20150902-0002.jar:na]
	at org.eclipse.m2e.core.internal.project.ProjectConfigurationManager$2.call(ProjectConfigurationManager.java:345) [org.eclipse.m2e.core_1.6.2.20150902-0002.jar:na]
	at org.eclipse.m2e.core.internal.project.ProjectConfigurationManager$2.call(ProjectConfigurationManager.java:1) [org.eclipse.m2e.core_1.6.2.20150902-0002.jar:na]
	at org.eclipse.m2e.core.internal.embedder.MavenExecutionContext.executeBare(MavenExecutionContext.java:176) [org.eclipse.m2e.core_1.6.2.20150902-0002.jar:na]
	at org.eclipse.m2e.core.internal.embedder.MavenExecutionContext.execute(MavenExecutionContext.java:151) [org.eclipse.m2e.core_1.6.2.20150902-0002.jar:na]
	at org.eclipse.m2e.core.internal.embedder.MavenExecutionContext.execute(MavenExecutionContext.java:99) [org.eclipse.m2e.core_1.6.2.20150902-0002.jar:na]
	at org.eclipse.m2e.core.internal.embedder.MavenImpl.execute(MavenImpl.java:1351) [org.eclipse.m2e.core_1.6.2.20150902-0002.jar:na]
	at org.eclipse.m2e.core.internal.project.ProjectConfigurationManager.updateProjectConfiguration(ProjectConfigurationManager.java:342) [org.eclipse.m2e.core_1.6.2.20150902-0002.jar:na]
	at org.eclipse.m2e.core.ui.internal.UpdateMavenProjectJob.runInWorkspace(UpdateMavenProjectJob.java:77) [org.eclipse.m2e.core.ui_1.6.2.20150902-0002.jar:na]
	at org.eclipse.core.internal.resources.InternalWorkspaceJob.run(InternalWorkspaceJob.java:39) [org.eclipse.core.resources_3.10.1.v20150725-1910.jar:na]
	at org.eclipse.core.internal.jobs.Worker.run(Worker.java:55) [org.eclipse.core.jobs_3.7.0.v20150330-2103.jar:na]
2016-05-17 15:33:42,390 [Worker-2] ERROR o.e.m.c.i.i.nexus.NexusIndexManager - Unable to add com/aem/eaga/eagaproject-content/1.0-SNAPSHOT/eagaproject-content-1.0-SNAPSHOT.pom
java.io.FileNotFoundException: D:\Aga\.metadata\.plugins\org.eclipse.m2e.core\nexus\830bc118332e77292949ed1e6d2fabe0\_0_1.del (Impossibile trovare il file specificato)
	at java.io.RandomAccessFile.open0(Native Method) ~[na:1.8.0_73]
	at java.io.RandomAccessFile.open(Unknown Source) ~[na:1.8.0_73]
	at java.io.RandomAccessFile.<init>(Unknown Source) ~[na:1.8.0_73]
	at org.apache.lucene.store.FSDirectory$FSIndexInput$Descriptor.<init>(FSDirectory.java:552) ~[lucene-core-2.4.1.jar:2.4.1 750176 - 2009-03-04 21:56:52]
	at org.apache.lucene.store.FSDirectory$FSIndexInput.<init>(FSDirectory.java:582) ~[lucene-core-2.4.1.jar:2.4.1 750176 - 2009-03-04 21:56:52]
	at org.apache.lucene.store.FSDirectory.openInput(FSDirectory.java:488) ~[lucene-core-2.4.1.jar:2.4.1 750176 - 2009-03-04 21:56:52]
	at org.apache.lucene.store.FSDirectory.openInput(FSDirectory.java:482) ~[lucene-core-2.4.1.jar:2.4.1 750176 - 2009-03-04 21:56:52]
	at org.apache.lucene.util.BitVector.<init>(BitVector.java:199) ~[lucene-core-2.4.1.jar:2.4.1 750176 - 2009-03-04 21:56:52]
	at org.apache.lucene.index.SegmentReader.loadDeletedDocs(SegmentReader.java:402) ~[lucene-core-2.4.1.jar:2.4.1 750176 - 2009-03-04 21:56:52]
	at org.apache.lucene.index.SegmentReader.initialize(SegmentReader.java:368) ~[lucene-core-2.4.1.jar:2.4.1 750176 - 2009-03-04 21:56:52]
	at org.apache.lucene.index.SegmentReader.get(SegmentReader.java:306) ~[lucene-core-2.4.1.jar:2.4.1 750176 - 2009-03-04 21:56:52]
	at org.apache.lucene.index.SegmentReader.get(SegmentReader.java:236) ~[lucene-core-2.4.1.jar:2.4.1 750176 - 2009-03-04 21:56:52]
	at org.apache.lucene.index.DocumentsWriter.applyDeletes(DocumentsWriter.java:915) ~[lucene-core-2.4.1.jar:2.4.1 750176 - 2009-03-04 21:56:52]
	at org.apache.lucene.index.IndexWriter.applyDeletes(IndexWriter.java:4339) ~[lucene-core-2.4.1.jar:2.4.1 750176 - 2009-03-04 21:56:52]
	at org.apache.lucene.index.IndexWriter.doFlush(IndexWriter.java:3579) ~[lucene-core-2.4.1.jar:2.4.1 750176 - 2009-03-04 21:56:52]
	at org.apache.lucene.index.IndexWriter.flush(IndexWriter.java:3450) ~[lucene-core-2.4.1.jar:2.4.1 750176 - 2009-03-04 21:56:52]
	at org.apache.lucene.index.IndexWriter.prepareCommit(IndexWriter.java:3363) ~[lucene-core-2.4.1.jar:2.4.1 750176 - 2009-03-04 21:56:52]
	at org.apache.lucene.index.IndexWriter.commit(IndexWriter.java:3408) ~[lucene-core-2.4.1.jar:2.4.1 750176 - 2009-03-04 21:56:52]
	at org.apache.maven.index.context.IndexUtils.setGroups(IndexUtils.java:277) ~[indexer-core-3.1.0.jar:3.1.0]
	at org.apache.maven.index.context.IndexUtils.setRootGroups(IndexUtils.java:227) ~[indexer-core-3.1.0.jar:3.1.0]
	at org.apache.maven.index.context.DefaultIndexingContext.setRootGroups(DefaultIndexingContext.java:791) ~[indexer-core-3.1.0.jar:3.1.0]
	at org.apache.maven.index.DefaultIndexerEngine.updateGroups(DefaultIndexerEngine.java:154) ~[org.eclipse.m2e.maven.indexer_1.6.2.20150902-0001/:na]
	at org.apache.maven.index.DefaultIndexerEngine.update(DefaultIndexerEngine.java:82) ~[org.eclipse.m2e.maven.indexer_1.6.2.20150902-0001/:na]
	at org.apache.maven.index.DefaultNexusIndexer.addArtifactToIndex(DefaultNexusIndexer.java:338) ~[org.eclipse.m2e.maven.indexer_1.6.2.20150902-0001/:na]
	at org.eclipse.m2e.core.internal.index.nexus.NexusIndexManager.addDocument(NexusIndexManager.java:580) [org.eclipse.m2e.core_1.6.2.20150902-0002.jar:na]
	at org.eclipse.m2e.core.internal.index.nexus.NexusIndexManager.mavenProjectChanged(NexusIndexManager.java:758) [org.eclipse.m2e.core_1.6.2.20150902-0002.jar:na]
	at org.eclipse.m2e.core.internal.project.registry.ProjectRegistryManager.notifyProjectChangeListeners(ProjectRegistryManager.java:783) [org.eclipse.m2e.core_1.6.2.20150902-0002.jar:na]
	at org.eclipse.m2e.core.internal.project.registry.ProjectRegistryManager.applyMutableProjectRegistry(ProjectRegistryManager.java:919) [org.eclipse.m2e.core_1.6.2.20150902-0002.jar:na]
	at org.eclipse.m2e.core.internal.project.registry.ProjectRegistryManager.refresh(ProjectRegistryManager.java:299) [org.eclipse.m2e.core_1.6.2.20150902-0002.jar:na]
	at org.eclipse.m2e.core.internal.project.ProjectConfigurationManager.updateProjectConfiguration0(ProjectConfigurationManager.java:398) [org.eclipse.m2e.core_1.6.2.20150902-0002.jar:na]
	at org.eclipse.m2e.core.internal.project.ProjectConfigurationManager$2.call(ProjectConfigurationManager.java:345) [org.eclipse.m2e.core_1.6.2.20150902-0002.jar:na]
	at org.eclipse.m2e.core.internal.project.ProjectConfigurationManager$2.call(ProjectConfigurationManager.java:1) [org.eclipse.m2e.core_1.6.2.20150902-0002.jar:na]
	at org.eclipse.m2e.core.internal.embedder.MavenExecutionContext.executeBare(MavenExecutionContext.java:176) [org.eclipse.m2e.core_1.6.2.20150902-0002.jar:na]
	at org.eclipse.m2e.core.internal.embedder.MavenExecutionContext.execute(MavenExecutionContext.java:151) [org.eclipse.m2e.core_1.6.2.20150902-0002.jar:na]
	at org.eclipse.m2e.core.internal.embedder.MavenExecutionContext.execute(MavenExecutionContext.java:99) [org.eclipse.m2e.core_1.6.2.20150902-0002.jar:na]
	at org.eclipse.m2e.core.internal.embedder.MavenImpl.execute(MavenImpl.java:1351) [org.eclipse.m2e.core_1.6.2.20150902-0002.jar:na]
	at org.eclipse.m2e.core.internal.project.ProjectConfigurationManager.updateProjectConfiguration(ProjectConfigurationManager.java:342) [org.eclipse.m2e.core_1.6.2.20150902-0002.jar:na]
	at org.eclipse.m2e.core.ui.internal.UpdateMavenProjectJob.runInWorkspace(UpdateMavenProjectJob.java:77) [org.eclipse.m2e.core.ui_1.6.2.20150902-0002.jar:na]
	at org.eclipse.core.internal.resources.InternalWorkspaceJob.run(InternalWorkspaceJob.java:39) [org.eclipse.core.resources_3.10.1.v20150725-1910.jar:na]
	at org.eclipse.core.internal.jobs.Worker.run(Worker.java:55) [org.eclipse.core.jobs_3.7.0.v20150330-2103.jar:na]
2016-05-17 15:33:42,526 [Worker-2] WARN  o.e.m.c.i.embedder.EclipseLogger - Failure to transfer org.apache.maven.plugins:maven-site-plugin/maven-metadata.xml from https://vodafone-nexus.no-ip.net/content/groups/vodafone-group was cached in the local repository, resolution will not be reattempted until the update interval of internal.mirror has elapsed or updates are forced. Original error: Could not transfer metadata org.apache.maven.plugins:maven-site-plugin/maven-metadata.xml from/to internal.mirror (https://vodafone-nexus.no-ip.net/content/groups/vodafone-group): sun.security.validator.ValidatorException: PKIX path building failed: sun.security.provider.certpath.SunCertPathBuilderException: unable to find valid certification path to requested target
2016-05-17 15:33:42,545 [Worker-2] WARN  o.e.m.c.i.embedder.EclipseLogger - Failure to transfer org.apache.maven.plugins:maven-site-plugin/maven-metadata.xml from https://vodafone-nexus.no-ip.net/content/groups/vodafone-group was cached in the local repository, resolution will not be reattempted until the update interval of internal.mirror has elapsed or updates are forced. Original error: Could not transfer metadata org.apache.maven.plugins:maven-site-plugin/maven-metadata.xml from/to internal.mirror (https://vodafone-nexus.no-ip.net/content/groups/vodafone-group): sun.security.validator.ValidatorException: PKIX path building failed: sun.security.provider.certpath.SunCertPathBuilderException: unable to find valid certification path to requested target
2016-05-17 15:33:42,562 [Worker-2] WARN  o.e.m.c.i.embedder.EclipseLogger - Failure to transfer org.apache.maven.plugins:maven-site-plugin/maven-metadata.xml from https://vodafone-nexus.no-ip.net/content/groups/vodafone-group was cached in the local repository, resolution will not be reattempted until the update interval of internal.mirror has elapsed or updates are forced. Original error: Could not transfer metadata org.apache.maven.plugins:maven-site-plugin/maven-metadata.xml from/to internal.mirror (https://vodafone-nexus.no-ip.net/content/groups/vodafone-group): sun.security.validator.ValidatorException: PKIX path building failed: sun.security.provider.certpath.SunCertPathBuilderException: unable to find valid certification path to requested target
2016-05-17 15:33:42,648 [Worker-2] INFO  o.e.m.c.i.p.ProjectConfigurationManager - Update completed: 1 sec
2016-05-17 15:41:58,678 [Worker-8] INFO  o.e.m.c.i.p.ProjectConfigurationManager - Update started
2016-05-17 15:42:00,056 [Worker-8] INFO  o.e.m.c.i.l.LifecycleMappingFactory - Using NULL lifecycle mapping for MavenProject: com.aem.eaga:eagaproject:1.0-SNAPSHOT @ D:\Aga\eagaproject\pom.xml.
2016-05-17 15:42:00,672 [Worker-8] INFO  o.e.m.c.i.l.LifecycleMappingFactory - Using DEFAULT lifecycle mapping for MavenProject: com.aem.eaga:eagaproject-bundle:1.0-SNAPSHOT @ D:\Aga\eagaproject\bundle\pom.xml.
2016-05-17 15:42:00,929 [Worker-8] INFO  o.e.m.c.i.l.LifecycleMappingFactory - Using DEFAULT lifecycle mapping for MavenProject: com.aem.eaga:eagaproject-content:1.0-SNAPSHOT @ D:\Aga\eagaproject\content\pom.xml.
2016-05-17 15:42:00,983 [Worker-8] ERROR o.e.m.c.i.i.nexus.NexusIndexManager - Unable to add com/aem/eaga/eagaproject-bundle/1.0-SNAPSHOT/eagaproject-bundle-1.0-SNAPSHOT.pom
java.io.FileNotFoundException: D:\Aga\.metadata\.plugins\org.eclipse.m2e.core\nexus\830bc118332e77292949ed1e6d2fabe0\_0_1.del (Impossibile trovare il file specificato)
	at java.io.RandomAccessFile.open0(Native Method) ~[na:1.8.0_73]
	at java.io.RandomAccessFile.open(Unknown Source) ~[na:1.8.0_73]
	at java.io.RandomAccessFile.<init>(Unknown Source) ~[na:1.8.0_73]
	at org.apache.lucene.store.FSDirectory$FSIndexInput$Descriptor.<init>(FSDirectory.java:552) ~[lucene-core-2.4.1.jar:2.4.1 750176 - 2009-03-04 21:56:52]
	at org.apache.lucene.store.FSDirectory$FSIndexInput.<init>(FSDirectory.java:582) ~[lucene-core-2.4.1.jar:2.4.1 750176 - 2009-03-04 21:56:52]
	at org.apache.lucene.store.FSDirectory.openInput(FSDirectory.java:488) ~[lucene-core-2.4.1.jar:2.4.1 750176 - 2009-03-04 21:56:52]
	at org.apache.lucene.store.FSDirectory.openInput(FSDirectory.java:482) ~[lucene-core-2.4.1.jar:2.4.1 750176 - 2009-03-04 21:56:52]
	at org.apache.lucene.util.BitVector.<init>(BitVector.java:199) ~[lucene-core-2.4.1.jar:2.4.1 750176 - 2009-03-04 21:56:52]
	at org.apache.lucene.index.SegmentReader.loadDeletedDocs(SegmentReader.java:402) ~[lucene-core-2.4.1.jar:2.4.1 750176 - 2009-03-04 21:56:52]
	at org.apache.lucene.index.SegmentReader.initialize(SegmentReader.java:368) ~[lucene-core-2.4.1.jar:2.4.1 750176 - 2009-03-04 21:56:52]
	at org.apache.lucene.index.SegmentReader.get(SegmentReader.java:306) ~[lucene-core-2.4.1.jar:2.4.1 750176 - 2009-03-04 21:56:52]
	at org.apache.lucene.index.SegmentReader.get(SegmentReader.java:236) ~[lucene-core-2.4.1.jar:2.4.1 750176 - 2009-03-04 21:56:52]
	at org.apache.lucene.index.DocumentsWriter.applyDeletes(DocumentsWriter.java:915) ~[lucene-core-2.4.1.jar:2.4.1 750176 - 2009-03-04 21:56:52]
	at org.apache.lucene.index.IndexWriter.applyDeletes(IndexWriter.java:4339) ~[lucene-core-2.4.1.jar:2.4.1 750176 - 2009-03-04 21:56:52]
	at org.apache.lucene.index.IndexWriter.doFlush(IndexWriter.java:3579) ~[lucene-core-2.4.1.jar:2.4.1 750176 - 2009-03-04 21:56:52]
	at org.apache.lucene.index.IndexWriter.flush(IndexWriter.java:3450) ~[lucene-core-2.4.1.jar:2.4.1 750176 - 2009-03-04 21:56:52]
	at org.apache.lucene.index.IndexWriter.prepareCommit(IndexWriter.java:3363) ~[lucene-core-2.4.1.jar:2.4.1 750176 - 2009-03-04 21:56:52]
	at org.apache.lucene.index.IndexWriter.commit(IndexWriter.java:3408) ~[lucene-core-2.4.1.jar:2.4.1 750176 - 2009-03-04 21:56:52]
	at org.apache.maven.index.context.IndexUtils.setGroups(IndexUtils.java:277) ~[indexer-core-3.1.0.jar:3.1.0]
	at org.apache.maven.index.context.IndexUtils.setRootGroups(IndexUtils.java:227) ~[indexer-core-3.1.0.jar:3.1.0]
	at org.apache.maven.index.context.DefaultIndexingContext.setRootGroups(DefaultIndexingContext.java:791) ~[indexer-core-3.1.0.jar:3.1.0]
	at org.apache.maven.index.DefaultIndexerEngine.updateGroups(DefaultIndexerEngine.java:154) ~[org.eclipse.m2e.maven.indexer_1.6.2.20150902-0001/:na]
	at org.apache.maven.index.DefaultIndexerEngine.update(DefaultIndexerEngine.java:82) ~[org.eclipse.m2e.maven.indexer_1.6.2.20150902-0001/:na]
	at org.apache.maven.index.DefaultNexusIndexer.addArtifactToIndex(DefaultNexusIndexer.java:338) ~[org.eclipse.m2e.maven.indexer_1.6.2.20150902-0001/:na]
	at org.eclipse.m2e.core.internal.index.nexus.NexusIndexManager.addDocument(NexusIndexManager.java:580) [org.eclipse.m2e.core_1.6.2.20150902-0002.jar:na]
	at org.eclipse.m2e.core.internal.index.nexus.NexusIndexManager.mavenProjectChanged(NexusIndexManager.java:758) [org.eclipse.m2e.core_1.6.2.20150902-0002.jar:na]
	at org.eclipse.m2e.core.internal.project.registry.ProjectRegistryManager.notifyProjectChangeListeners(ProjectRegistryManager.java:783) [org.eclipse.m2e.core_1.6.2.20150902-0002.jar:na]
	at org.eclipse.m2e.core.internal.project.registry.ProjectRegistryManager.applyMutableProjectRegistry(ProjectRegistryManager.java:919) [org.eclipse.m2e.core_1.6.2.20150902-0002.jar:na]
	at org.eclipse.m2e.core.internal.project.registry.ProjectRegistryManager.refresh(ProjectRegistryManager.java:299) [org.eclipse.m2e.core_1.6.2.20150902-0002.jar:na]
	at org.eclipse.m2e.core.internal.project.ProjectConfigurationManager.updateProjectConfiguration0(ProjectConfigurationManager.java:398) [org.eclipse.m2e.core_1.6.2.20150902-0002.jar:na]
	at org.eclipse.m2e.core.internal.project.ProjectConfigurationManager$2.call(ProjectConfigurationManager.java:345) [org.eclipse.m2e.core_1.6.2.20150902-0002.jar:na]
	at org.eclipse.m2e.core.internal.project.ProjectConfigurationManager$2.call(ProjectConfigurationManager.java:1) [org.eclipse.m2e.core_1.6.2.20150902-0002.jar:na]
	at org.eclipse.m2e.core.internal.embedder.MavenExecutionContext.executeBare(MavenExecutionContext.java:176) [org.eclipse.m2e.core_1.6.2.20150902-0002.jar:na]
	at org.eclipse.m2e.core.internal.embedder.MavenExecutionContext.execute(MavenExecutionContext.java:151) [org.eclipse.m2e.core_1.6.2.20150902-0002.jar:na]
	at org.eclipse.m2e.core.internal.embedder.MavenExecutionContext.execute(MavenExecutionContext.java:99) [org.eclipse.m2e.core_1.6.2.20150902-0002.jar:na]
	at org.eclipse.m2e.core.internal.embedder.MavenImpl.execute(MavenImpl.java:1351) [org.eclipse.m2e.core_1.6.2.20150902-0002.jar:na]
	at org.eclipse.m2e.core.internal.project.ProjectConfigurationManager.updateProjectConfiguration(ProjectConfigurationManager.java:342) [org.eclipse.m2e.core_1.6.2.20150902-0002.jar:na]
	at org.eclipse.m2e.core.ui.internal.UpdateMavenProjectJob.runInWorkspace(UpdateMavenProjectJob.java:77) [org.eclipse.m2e.core.ui_1.6.2.20150902-0002.jar:na]
	at org.eclipse.core.internal.resources.InternalWorkspaceJob.run(InternalWorkspaceJob.java:39) [org.eclipse.core.resources_3.10.1.v20150725-1910.jar:na]
	at org.eclipse.core.internal.jobs.Worker.run(Worker.java:55) [org.eclipse.core.jobs_3.7.0.v20150330-2103.jar:na]
2016-05-17 15:42:01,023 [Worker-8] ERROR o.e.m.c.i.i.nexus.NexusIndexManager - Unable to add com/aem/eaga/eagaproject/1.0-SNAPSHOT/eagaproject-1.0-SNAPSHOT.pom
java.io.FileNotFoundException: D:\Aga\.metadata\.plugins\org.eclipse.m2e.core\nexus\830bc118332e77292949ed1e6d2fabe0\_0_1.del (Impossibile trovare il file specificato)
	at java.io.RandomAccessFile.open0(Native Method) ~[na:1.8.0_73]
	at java.io.RandomAccessFile.open(Unknown Source) ~[na:1.8.0_73]
	at java.io.RandomAccessFile.<init>(Unknown Source) ~[na:1.8.0_73]
	at org.apache.lucene.store.FSDirectory$FSIndexInput$Descriptor.<init>(FSDirectory.java:552) ~[lucene-core-2.4.1.jar:2.4.1 750176 - 2009-03-04 21:56:52]
	at org.apache.lucene.store.FSDirectory$FSIndexInput.<init>(FSDirectory.java:582) ~[lucene-core-2.4.1.jar:2.4.1 750176 - 2009-03-04 21:56:52]
	at org.apache.lucene.store.FSDirectory.openInput(FSDirectory.java:488) ~[lucene-core-2.4.1.jar:2.4.1 750176 - 2009-03-04 21:56:52]
	at org.apache.lucene.store.FSDirectory.openInput(FSDirectory.java:482) ~[lucene-core-2.4.1.jar:2.4.1 750176 - 2009-03-04 21:56:52]
	at org.apache.lucene.util.BitVector.<init>(BitVector.java:199) ~[lucene-core-2.4.1.jar:2.4.1 750176 - 2009-03-04 21:56:52]
	at org.apache.lucene.index.SegmentReader.loadDeletedDocs(SegmentReader.java:402) ~[lucene-core-2.4.1.jar:2.4.1 750176 - 2009-03-04 21:56:52]
	at org.apache.lucene.index.SegmentReader.initialize(SegmentReader.java:368) ~[lucene-core-2.4.1.jar:2.4.1 750176 - 2009-03-04 21:56:52]
	at org.apache.lucene.index.SegmentReader.get(SegmentReader.java:306) ~[lucene-core-2.4.1.jar:2.4.1 750176 - 2009-03-04 21:56:52]
	at org.apache.lucene.index.SegmentReader.get(SegmentReader.java:236) ~[lucene-core-2.4.1.jar:2.4.1 750176 - 2009-03-04 21:56:52]
	at org.apache.lucene.index.DocumentsWriter.applyDeletes(DocumentsWriter.java:915) ~[lucene-core-2.4.1.jar:2.4.1 750176 - 2009-03-04 21:56:52]
	at org.apache.lucene.index.IndexWriter.applyDeletes(IndexWriter.java:4339) ~[lucene-core-2.4.1.jar:2.4.1 750176 - 2009-03-04 21:56:52]
	at org.apache.lucene.index.IndexWriter.doFlush(IndexWriter.java:3579) ~[lucene-core-2.4.1.jar:2.4.1 750176 - 2009-03-04 21:56:52]
	at org.apache.lucene.index.IndexWriter.flush(IndexWriter.java:3450) ~[lucene-core-2.4.1.jar:2.4.1 750176 - 2009-03-04 21:56:52]
	at org.apache.lucene.index.IndexWriter.prepareCommit(IndexWriter.java:3363) ~[lucene-core-2.4.1.jar:2.4.1 750176 - 2009-03-04 21:56:52]
	at org.apache.lucene.index.IndexWriter.commit(IndexWriter.java:3408) ~[lucene-core-2.4.1.jar:2.4.1 750176 - 2009-03-04 21:56:52]
	at org.apache.maven.index.context.IndexUtils.setGroups(IndexUtils.java:277) ~[indexer-core-3.1.0.jar:3.1.0]
	at org.apache.maven.index.context.IndexUtils.setRootGroups(IndexUtils.java:227) ~[indexer-core-3.1.0.jar:3.1.0]
	at org.apache.maven.index.context.DefaultIndexingContext.setRootGroups(DefaultIndexingContext.java:791) ~[indexer-core-3.1.0.jar:3.1.0]
	at org.apache.maven.index.DefaultIndexerEngine.updateGroups(DefaultIndexerEngine.java:154) ~[org.eclipse.m2e.maven.indexer_1.6.2.20150902-0001/:na]
	at org.apache.maven.index.DefaultIndexerEngine.update(DefaultIndexerEngine.java:82) ~[org.eclipse.m2e.maven.indexer_1.6.2.20150902-0001/:na]
	at org.apache.maven.index.DefaultNexusIndexer.addArtifactToIndex(DefaultNexusIndexer.java:338) ~[org.eclipse.m2e.maven.indexer_1.6.2.20150902-0001/:na]
	at org.eclipse.m2e.core.internal.index.nexus.NexusIndexManager.addDocument(NexusIndexManager.java:580) [org.eclipse.m2e.core_1.6.2.20150902-0002.jar:na]
	at org.eclipse.m2e.core.internal.index.nexus.NexusIndexManager.mavenProjectChanged(NexusIndexManager.java:758) [org.eclipse.m2e.core_1.6.2.20150902-0002.jar:na]
	at org.eclipse.m2e.core.internal.project.registry.ProjectRegistryManager.notifyProjectChangeListeners(ProjectRegistryManager.java:783) [org.eclipse.m2e.core_1.6.2.20150902-0002.jar:na]
	at org.eclipse.m2e.core.internal.project.registry.ProjectRegistryManager.applyMutableProjectRegistry(ProjectRegistryManager.java:919) [org.eclipse.m2e.core_1.6.2.20150902-0002.jar:na]
	at org.eclipse.m2e.core.internal.project.registry.ProjectRegistryManager.refresh(ProjectRegistryManager.java:299) [org.eclipse.m2e.core_1.6.2.20150902-0002.jar:na]
	at org.eclipse.m2e.core.internal.project.ProjectConfigurationManager.updateProjectConfiguration0(ProjectConfigurationManager.java:398) [org.eclipse.m2e.core_1.6.2.20150902-0002.jar:na]
	at org.eclipse.m2e.core.internal.project.ProjectConfigurationManager$2.call(ProjectConfigurationManager.java:345) [org.eclipse.m2e.core_1.6.2.20150902-0002.jar:na]
	at org.eclipse.m2e.core.internal.project.ProjectConfigurationManager$2.call(ProjectConfigurationManager.java:1) [org.eclipse.m2e.core_1.6.2.20150902-0002.jar:na]
	at org.eclipse.m2e.core.internal.embedder.MavenExecutionContext.executeBare(MavenExecutionContext.java:176) [org.eclipse.m2e.core_1.6.2.20150902-0002.jar:na]
	at org.eclipse.m2e.core.internal.embedder.MavenExecutionContext.execute(MavenExecutionContext.java:151) [org.eclipse.m2e.core_1.6.2.20150902-0002.jar:na]
	at org.eclipse.m2e.core.internal.embedder.MavenExecutionContext.execute(MavenExecutionContext.java:99) [org.eclipse.m2e.core_1.6.2.20150902-0002.jar:na]
	at org.eclipse.m2e.core.internal.embedder.MavenImpl.execute(MavenImpl.java:1351) [org.eclipse.m2e.core_1.6.2.20150902-0002.jar:na]
	at org.eclipse.m2e.core.internal.project.ProjectConfigurationManager.updateProjectConfiguration(ProjectConfigurationManager.java:342) [org.eclipse.m2e.core_1.6.2.20150902-0002.jar:na]
	at org.eclipse.m2e.core.ui.internal.UpdateMavenProjectJob.runInWorkspace(UpdateMavenProjectJob.java:77) [org.eclipse.m2e.core.ui_1.6.2.20150902-0002.jar:na]
	at org.eclipse.core.internal.resources.InternalWorkspaceJob.run(InternalWorkspaceJob.java:39) [org.eclipse.core.resources_3.10.1.v20150725-1910.jar:na]
	at org.eclipse.core.internal.jobs.Worker.run(Worker.java:55) [org.eclipse.core.jobs_3.7.0.v20150330-2103.jar:na]
2016-05-17 15:42:01,059 [Worker-8] ERROR o.e.m.c.i.i.nexus.NexusIndexManager - Unable to add com/aem/eaga/eagaproject-content/1.0-SNAPSHOT/eagaproject-content-1.0-SNAPSHOT.pom
java.io.FileNotFoundException: D:\Aga\.metadata\.plugins\org.eclipse.m2e.core\nexus\830bc118332e77292949ed1e6d2fabe0\_0_1.del (Impossibile trovare il file specificato)
	at java.io.RandomAccessFile.open0(Native Method) ~[na:1.8.0_73]
	at java.io.RandomAccessFile.open(Unknown Source) ~[na:1.8.0_73]
	at java.io.RandomAccessFile.<init>(Unknown Source) ~[na:1.8.0_73]
	at org.apache.lucene.store.FSDirectory$FSIndexInput$Descriptor.<init>(FSDirectory.java:552) ~[lucene-core-2.4.1.jar:2.4.1 750176 - 2009-03-04 21:56:52]
	at org.apache.lucene.store.FSDirectory$FSIndexInput.<init>(FSDirectory.java:582) ~[lucene-core-2.4.1.jar:2.4.1 750176 - 2009-03-04 21:56:52]
	at org.apache.lucene.store.FSDirectory.openInput(FSDirectory.java:488) ~[lucene-core-2.4.1.jar:2.4.1 750176 - 2009-03-04 21:56:52]
	at org.apache.lucene.store.FSDirectory.openInput(FSDirectory.java:482) ~[lucene-core-2.4.1.jar:2.4.1 750176 - 2009-03-04 21:56:52]
	at org.apache.lucene.util.BitVector.<init>(BitVector.java:199) ~[lucene-core-2.4.1.jar:2.4.1 750176 - 2009-03-04 21:56:52]
	at org.apache.lucene.index.SegmentReader.loadDeletedDocs(SegmentReader.java:402) ~[lucene-core-2.4.1.jar:2.4.1 750176 - 2009-03-04 21:56:52]
	at org.apache.lucene.index.SegmentReader.initialize(SegmentReader.java:368) ~[lucene-core-2.4.1.jar:2.4.1 750176 - 2009-03-04 21:56:52]
	at org.apache.lucene.index.SegmentReader.get(SegmentReader.java:306) ~[lucene-core-2.4.1.jar:2.4.1 750176 - 2009-03-04 21:56:52]
	at org.apache.lucene.index.SegmentReader.get(SegmentReader.java:236) ~[lucene-core-2.4.1.jar:2.4.1 750176 - 2009-03-04 21:56:52]
	at org.apache.lucene.index.DocumentsWriter.applyDeletes(DocumentsWriter.java:915) ~[lucene-core-2.4.1.jar:2.4.1 750176 - 2009-03-04 21:56:52]
	at org.apache.lucene.index.IndexWriter.applyDeletes(IndexWriter.java:4339) ~[lucene-core-2.4.1.jar:2.4.1 750176 - 2009-03-04 21:56:52]
	at org.apache.lucene.index.IndexWriter.doFlush(IndexWriter.java:3579) ~[lucene-core-2.4.1.jar:2.4.1 750176 - 2009-03-04 21:56:52]
	at org.apache.lucene.index.IndexWriter.flush(IndexWriter.java:3450) ~[lucene-core-2.4.1.jar:2.4.1 750176 - 2009-03-04 21:56:52]
	at org.apache.lucene.index.IndexWriter.prepareCommit(IndexWriter.java:3363) ~[lucene-core-2.4.1.jar:2.4.1 750176 - 2009-03-04 21:56:52]
	at org.apache.lucene.index.IndexWriter.commit(IndexWriter.java:3408) ~[lucene-core-2.4.1.jar:2.4.1 750176 - 2009-03-04 21:56:52]
	at org.apache.maven.index.context.IndexUtils.setGroups(IndexUtils.java:277) ~[indexer-core-3.1.0.jar:3.1.0]
	at org.apache.maven.index.context.IndexUtils.setRootGroups(IndexUtils.java:227) ~[indexer-core-3.1.0.jar:3.1.0]
	at org.apache.maven.index.context.DefaultIndexingContext.setRootGroups(DefaultIndexingContext.java:791) ~[indexer-core-3.1.0.jar:3.1.0]
	at org.apache.maven.index.DefaultIndexerEngine.updateGroups(DefaultIndexerEngine.java:154) ~[org.eclipse.m2e.maven.indexer_1.6.2.20150902-0001/:na]
	at org.apache.maven.index.DefaultIndexerEngine.update(DefaultIndexerEngine.java:82) ~[org.eclipse.m2e.maven.indexer_1.6.2.20150902-0001/:na]
	at org.apache.maven.index.DefaultNexusIndexer.addArtifactToIndex(DefaultNexusIndexer.java:338) ~[org.eclipse.m2e.maven.indexer_1.6.2.20150902-0001/:na]
	at org.eclipse.m2e.core.internal.index.nexus.NexusIndexManager.addDocument(NexusIndexManager.java:580) [org.eclipse.m2e.core_1.6.2.20150902-0002.jar:na]
	at org.eclipse.m2e.core.internal.index.nexus.NexusIndexManager.mavenProjectChanged(NexusIndexManager.java:758) [org.eclipse.m2e.core_1.6.2.20150902-0002.jar:na]
	at org.eclipse.m2e.core.internal.project.registry.ProjectRegistryManager.notifyProjectChangeListeners(ProjectRegistryManager.java:783) [org.eclipse.m2e.core_1.6.2.20150902-0002.jar:na]
	at org.eclipse.m2e.core.internal.project.registry.ProjectRegistryManager.applyMutableProjectRegistry(ProjectRegistryManager.java:919) [org.eclipse.m2e.core_1.6.2.20150902-0002.jar:na]
	at org.eclipse.m2e.core.internal.project.registry.ProjectRegistryManager.refresh(ProjectRegistryManager.java:299) [org.eclipse.m2e.core_1.6.2.20150902-0002.jar:na]
	at org.eclipse.m2e.core.internal.project.ProjectConfigurationManager.updateProjectConfiguration0(ProjectConfigurationManager.java:398) [org.eclipse.m2e.core_1.6.2.20150902-0002.jar:na]
	at org.eclipse.m2e.core.internal.project.ProjectConfigurationManager$2.call(ProjectConfigurationManager.java:345) [org.eclipse.m2e.core_1.6.2.20150902-0002.jar:na]
	at org.eclipse.m2e.core.internal.project.ProjectConfigurationManager$2.call(ProjectConfigurationManager.java:1) [org.eclipse.m2e.core_1.6.2.20150902-0002.jar:na]
	at org.eclipse.m2e.core.internal.embedder.MavenExecutionContext.executeBare(MavenExecutionContext.java:176) [org.eclipse.m2e.core_1.6.2.20150902-0002.jar:na]
	at org.eclipse.m2e.core.internal.embedder.MavenExecutionContext.execute(MavenExecutionContext.java:151) [org.eclipse.m2e.core_1.6.2.20150902-0002.jar:na]
	at org.eclipse.m2e.core.internal.embedder.MavenExecutionContext.execute(MavenExecutionContext.java:99) [org.eclipse.m2e.core_1.6.2.20150902-0002.jar:na]
	at org.eclipse.m2e.core.internal.embedder.MavenImpl.execute(MavenImpl.java:1351) [org.eclipse.m2e.core_1.6.2.20150902-0002.jar:na]
	at org.eclipse.m2e.core.internal.project.ProjectConfigurationManager.updateProjectConfiguration(ProjectConfigurationManager.java:342) [org.eclipse.m2e.core_1.6.2.20150902-0002.jar:na]
	at org.eclipse.m2e.core.ui.internal.UpdateMavenProjectJob.runInWorkspace(UpdateMavenProjectJob.java:77) [org.eclipse.m2e.core.ui_1.6.2.20150902-0002.jar:na]
	at org.eclipse.core.internal.resources.InternalWorkspaceJob.run(InternalWorkspaceJob.java:39) [org.eclipse.core.resources_3.10.1.v20150725-1910.jar:na]
	at org.eclipse.core.internal.jobs.Worker.run(Worker.java:55) [org.eclipse.core.jobs_3.7.0.v20150330-2103.jar:na]
2016-05-17 15:42:01,371 [Worker-8] INFO  o.e.m.j.i.AbstractJavaProjectConfigurator - Adding source folder /eagaproject-bundle/src/main/java
2016-05-17 15:42:01,372 [Worker-8] INFO  o.e.m.j.i.AbstractJavaProjectConfigurator - Adding source folder /eagaproject-bundle/src/test/java
2016-05-17 15:42:01,539 [Worker-8] INFO  o.e.m.j.i.AbstractJavaProjectConfigurator - Adding source folder /eagaproject-content/src/main/java
2016-05-17 15:42:01,539 [Worker-8] INFO  o.e.m.j.i.AbstractJavaProjectConfigurator - Adding resource folder /eagaproject-content/src/main/content/jcr_root
2016-05-17 15:42:01,539 [Worker-8] INFO  o.e.m.j.i.AbstractJavaProjectConfigurator - Adding source folder /eagaproject-content/src/test/java
2016-05-17 15:42:01,656 [Worker-8] INFO  o.e.m.c.i.p.ProjectConfigurationManager - Update completed: 2 sec
2016-05-17 15:42:02,116 [Worker-17] INFO  o.e.m.c.i.embedder.EclipseLogger - Using 'UTF-8' encoding to copy filtered resources.
2016-05-17 15:42:02,116 [Worker-17] INFO  o.e.m.c.i.embedder.EclipseLogger - skip non existing resourceDirectory D:\Aga\eagaproject\bundle\src\main\resources
2016-05-17 15:42:02,119 [Worker-17] INFO  o.e.m.c.i.embedder.EclipseLogger - Using 'UTF-8' encoding to copy filtered resources.
2016-05-17 15:42:02,119 [Worker-17] INFO  o.e.m.c.i.embedder.EclipseLogger - skip non existing resourceDirectory D:\Aga\eagaproject\bundle\src\test\resources
2016-05-17 15:42:02,139 [Worker-17] INFO  o.e.m.c.i.embedder.EclipseLogger - Using 'UTF-8' encoding to copy filtered resources.
2016-05-17 15:42:02,147 [Worker-17] INFO  o.e.m.c.i.embedder.EclipseLogger - Copying 2 resources
2016-05-17 15:42:02,160 [Worker-17] INFO  o.e.m.c.i.embedder.EclipseLogger - Using 'UTF-8' encoding to copy filtered resources.
2016-05-17 15:42:02,160 [Worker-17] INFO  o.e.m.c.i.embedder.EclipseLogger - skip non existing resourceDirectory D:\Aga\eagaproject\content\src\test\resources
2016-05-17 17:03:24,978 [Worker-26] INFO  o.e.m.c.i.embedder.EclipseLogger - Using 'UTF-8' encoding to copy filtered resources.
2016-05-17 17:03:24,989 [Worker-26] INFO  o.e.m.c.i.embedder.EclipseLogger - Copying 10 resources
2016-05-17 17:03:25,011 [Worker-26] INFO  o.e.m.c.i.embedder.EclipseLogger - Using 'UTF-8' encoding to copy filtered resources.
2016-05-17 17:03:25,011 [Worker-26] INFO  o.e.m.c.i.embedder.EclipseLogger - skip non existing resourceDirectory D:\Aga\eagaproject\content\src\test\resources
